2026-03-01 19:11:48 [ERROR] [DB] Query error duplicate key value violates unique constraint "users_username_key" {"code":"23505","query":"INSERT INTO users (username, email, password_hash, stream_key, srt_passphrase, is_active) VALUES ($1, $2, $3, $4,"}
2026-03-03 17:57:44 [ERROR] [DB] Query error duplicate key value violates unique constraint "users_username_key" {"code":"23505","query":"INSERT INTO users (username, email, password_hash, stream_key, srt_passphrase, is_active) VALUES ($1, $2, $3, $4,"}
2026-03-03 17:57:50 [ERROR] [DB] Query error duplicate key value violates unique constraint "users_username_key" {"code":"23505","query":"INSERT INTO users (username, email, password_hash, stream_key, srt_passphrase, is_active) VALUES ($1, $2, $3, $4,"}
2026-03-03 18:36:45 [ERROR] [DB] Query error inconsistent types deduced for parameter $1 {"code":"42P08","query":"INSERT INTO stream_sessions (user_id, stream_key, ingest_type, client_ip) SELECT id, $1, 'rtmp', $2 FROM users "}
2026-03-03 18:36:45 [ERROR] error: inconsistent types deduced for parameter $1
    at /Users/vishaljha/Desktop/Stream-Hosting-Platform/backend/node_modules/pg/lib/client.js:631:17
    at process.processTicksAndRejections (node:internal/process/task_queues:105:5)
    at async Object.query (/Users/vishaljha/Desktop/Stream-Hosting-Platform/backend/db/database.js:66:20)
    at async Promise.all (index 1)
    at async /Users/vishaljha/Desktop/Stream-Hosting-Platform/backend/routes/auth.js:63:5 {"length":154,"name":"error","severity":"ERROR","code":"42P08","detail":"text versus character varying","position":"95","file":"parse_param.c","line":"219","routine":"variable_coerce_param_hook"}
2026-03-03 18:36:53 [ERROR] [DB] Query error inconsistent types deduced for parameter $1 {"code":"42P08","query":"INSERT INTO stream_sessions (user_id, stream_key, ingest_type, client_ip) SELECT id, $1, 'rtmp', $2 FROM users "}
2026-03-03 18:36:53 [ERROR] error: inconsistent types deduced for parameter $1
    at /Users/vishaljha/Desktop/Stream-Hosting-Platform/backend/node_modules/pg/lib/client.js:631:17
    at process.processTicksAndRejections (node:internal/process/task_queues:105:5)
    at async Object.query (/Users/vishaljha/Desktop/Stream-Hosting-Platform/backend/db/database.js:66:20)
    at async Promise.all (index 1)
    at async /Users/vishaljha/Desktop/Stream-Hosting-Platform/backend/routes/auth.js:63:5 {"length":154,"name":"error","severity":"ERROR","code":"42P08","detail":"text versus character varying","position":"95","file":"parse_param.c","line":"219","routine":"variable_coerce_param_hook"}
2026-03-03 18:37:01 [ERROR] [DB] Query error inconsistent types deduced for parameter $1 {"code":"42P08","query":"INSERT INTO stream_sessions (user_id, stream_key, ingest_type, client_ip) SELECT id, $1, 'rtmp', $2 FROM users "}
2026-03-03 18:37:01 [ERROR] error: inconsistent types deduced for parameter $1
    at /Users/vishaljha/Desktop/Stream-Hosting-Platform/backend/node_modules/pg/lib/client.js:631:17
    at process.processTicksAndRejections (node:internal/process/task_queues:105:5)
    at async Object.query (/Users/vishaljha/Desktop/Stream-Hosting-Platform/backend/db/database.js:66:20)
    at async Promise.all (index 1)
    at async /Users/vishaljha/Desktop/Stream-Hosting-Platform/backend/routes/auth.js:63:5 {"length":154,"name":"error","severity":"ERROR","code":"42P08","detail":"text versus character varying","position":"95","file":"parse_param.c","line":"219","routine":"variable_coerce_param_hook"}
2026-03-03 18:37:08 [ERROR] [DB] Query error inconsistent types deduced for parameter $1 {"code":"42P08","query":"INSERT INTO stream_sessions (user_id, stream_key, ingest_type, client_ip) SELECT id, $1, 'rtmp', $2 FROM users "}
2026-03-03 18:37:08 [ERROR] error: inconsistent types deduced for parameter $1
    at /Users/vishaljha/Desktop/Stream-Hosting-Platform/backend/node_modules/pg/lib/client.js:631:17
    at process.processTicksAndRejections (node:internal/process/task_queues:105:5)
    at async Object.query (/Users/vishaljha/Desktop/Stream-Hosting-Platform/backend/db/database.js:66:20)
    at async Promise.all (index 1)
    at async /Users/vishaljha/Desktop/Stream-Hosting-Platform/backend/routes/auth.js:63:5 {"length":154,"name":"error","severity":"ERROR","code":"42P08","detail":"text versus character varying","position":"95","file":"parse_param.c","line":"219","routine":"variable_coerce_param_hook"}
2026-03-03 18:37:15 [ERROR] [DB] Query error inconsistent types deduced for parameter $1 {"code":"42P08","query":"INSERT INTO stream_sessions (user_id, stream_key, ingest_type, client_ip) SELECT id, $1, 'rtmp', $2 FROM users "}
2026-03-03 18:37:15 [ERROR] error: inconsistent types deduced for parameter $1
    at /Users/vishaljha/Desktop/Stream-Hosting-Platform/backend/node_modules/pg/lib/client.js:631:17
    at process.processTicksAndRejections (node:internal/process/task_queues:105:5)
    at async Object.query (/Users/vishaljha/Desktop/Stream-Hosting-Platform/backend/db/database.js:66:20)
    at async Promise.all (index 1)
    at async /Users/vishaljha/Desktop/Stream-Hosting-Platform/backend/routes/auth.js:63:5 {"length":154,"name":"error","severity":"ERROR","code":"42P08","detail":"text versus character varying","position":"95","file":"parse_param.c","line":"219","routine":"variable_coerce_param_hook"}
2026-03-03 18:37:22 [ERROR] [DB] Query error inconsistent types deduced for parameter $1 {"code":"42P08","query":"INSERT INTO stream_sessions (user_id, stream_key, ingest_type, client_ip) SELECT id, $1, 'rtmp', $2 FROM users "}
2026-03-03 18:37:22 [ERROR] error: inconsistent types deduced for parameter $1
    at /Users/vishaljha/Desktop/Stream-Hosting-Platform/backend/node_modules/pg/lib/client.js:631:17
    at process.processTicksAndRejections (node:internal/process/task_queues:105:5)
    at async Object.query (/Users/vishaljha/Desktop/Stream-Hosting-Platform/backend/db/database.js:66:20)
    at async Promise.all (index 1)
    at async /Users/vishaljha/Desktop/Stream-Hosting-Platform/backend/routes/auth.js:63:5 {"length":154,"name":"error","severity":"ERROR","code":"42P08","detail":"text versus character varying","position":"95","file":"parse_param.c","line":"219","routine":"variable_coerce_param_hook"}
2026-03-07 17:06:11 [ERROR] [DB] Connect attempt 1/3 failed: The server does not support SSL connections
2026-03-07 17:06:12 [ERROR] [DB] Connect attempt 2/3 failed: The server does not support SSL connections
2026-03-07 17:06:14 [ERROR] [DB] Connect attempt 3/3 failed: The server does not support SSL connections
2026-03-07 17:06:14 [ERROR] [DB] Could not connect after all attempts – continuing without DB
2026-03-07 17:11:25 [ERROR] [DB] Connect attempt 1/3 failed: database "vishaljha" does not exist
2026-03-07 17:11:26 [ERROR] [DB] Connect attempt 2/3 failed: database "vishaljha" does not exist
2026-03-07 17:11:28 [ERROR] [DB] Connect attempt 3/3 failed: database "vishaljha" does not exist
2026-03-07 17:11:28 [ERROR] [DB] Could not connect after all attempts – continuing without DB
2026-05-12 22:34:31 [ERROR] [DB] Connect attempt 1/3 failed: database "vishaljha" does not exist
2026-05-12 22:34:32 [ERROR] [DB] Connect attempt 2/3 failed: database "vishaljha" does not exist
2026-05-12 22:34:34 [ERROR] [DB] Connect attempt 3/3 failed: database "vishaljha" does not exist
2026-05-12 22:34:34 [ERROR] [DB] Could not connect after all attempts – continuing without DB
2026-05-12 22:35:06 [ERROR] error: database "vishaljha" does not exist
    at /Users/vishaljha/Stream-Hosting-Platform/backend/node_modules/pg-pool/index.js:45:11
    at process.processTicksAndRejections (node:internal/process/task_queues:105:5)
    at async Object.query (/Users/vishaljha/Stream-Hosting-Platform/backend/db/database.js:116:18)
    at async Timeout._broadcastStats [as _onTimeout] (/Users/vishaljha/Stream-Hosting-Platform/backend/services/websocketServer.js:83:22) {"length":94,"name":"error","severity":"FATAL","code":"3D000","file":"postinit.c","line":"887","routine":"InitPostgres"}
2026-05-12 22:35:11 [ERROR] error: database "vishaljha" does not exist
    at /Users/vishaljha/Stream-Hosting-Platform/backend/node_modules/pg-pool/index.js:45:11
    at process.processTicksAndRejections (node:internal/process/task_queues:105:5)
    at async Object.query (/Users/vishaljha/Stream-Hosting-Platform/backend/db/database.js:116:18)
    at async Timeout._broadcastStats [as _onTimeout] (/Users/vishaljha/Stream-Hosting-Platform/backend/services/websocketServer.js:83:22) {"length":94,"name":"error","severity":"FATAL","code":"3D000","file":"postinit.c","line":"887","routine":"InitPostgres"}
2026-05-12 22:35:16 [ERROR] error: database "vishaljha" does not exist
    at /Users/vishaljha/Stream-Hosting-Platform/backend/node_modules/pg-pool/index.js:45:11
    at process.processTicksAndRejections (node:internal/process/task_queues:105:5)
    at async Object.query (/Users/vishaljha/Stream-Hosting-Platform/backend/db/database.js:116:18)
    at async Timeout._broadcastStats [as _onTimeout] (/Users/vishaljha/Stream-Hosting-Platform/backend/services/websocketServer.js:83:22) {"length":94,"name":"error","severity":"FATAL","code":"3D000","file":"postinit.c","line":"887","routine":"InitPostgres"}
2026-05-12 22:35:21 [ERROR] error: database "vishaljha" does not exist
    at /Users/vishaljha/Stream-Hosting-Platform/backend/node_modules/pg-pool/index.js:45:11
    at process.processTicksAndRejections (node:internal/process/task_queues:105:5)
    at async Object.query (/Users/vishaljha/Stream-Hosting-Platform/backend/db/database.js:116:18)
    at async Timeout._broadcastStats [as _onTimeout] (/Users/vishaljha/Stream-Hosting-Platform/backend/services/websocketServer.js:83:22) {"length":94,"name":"error","severity":"FATAL","code":"3D000","file":"postinit.c","line":"887","routine":"InitPostgres"}
2026-05-12 22:35:26 [ERROR] error: database "vishaljha" does not exist
    at /Users/vishaljha/Stream-Hosting-Platform/backend/node_modules/pg-pool/index.js:45:11
    at process.processTicksAndRejections (node:internal/process/task_queues:105:5)
    at async Object.query (/Users/vishaljha/Stream-Hosting-Platform/backend/db/database.js:116:18)
    at async Timeout._broadcastStats [as _onTimeout] (/Users/vishaljha/Stream-Hosting-Platform/backend/services/websocketServer.js:83:22) {"length":94,"name":"error","severity":"FATAL","code":"3D000","file":"postinit.c","line":"887","routine":"InitPostgres"}
2026-05-12 22:35:31 [ERROR] error: database "vishaljha" does not exist
    at /Users/vishaljha/Stream-Hosting-Platform/backend/node_modules/pg-pool/index.js:45:11
    at process.processTicksAndRejections (node:internal/process/task_queues:105:5)
    at async Object.query (/Users/vishaljha/Stream-Hosting-Platform/backend/db/database.js:116:18)
    at async Timeout._broadcastStats [as _onTimeout] (/Users/vishaljha/Stream-Hosting-Platform/backend/services/websocketServer.js:83:22) {"length":94,"name":"error","severity":"FATAL","code":"3D000","file":"postinit.c","line":"887","routine":"InitPostgres"}
2026-05-12 22:35:36 [ERROR] error: database "vishaljha" does not exist
    at /Users/vishaljha/Stream-Hosting-Platform/backend/node_modules/pg-pool/index.js:45:11
    at process.processTicksAndRejections (node:internal/process/task_queues:105:5)
    at async Object.query (/Users/vishaljha/Stream-Hosting-Platform/backend/db/database.js:116:18)
    at async Timeout._broadcastStats [as _onTimeout] (/Users/vishaljha/Stream-Hosting-Platform/backend/services/websocketServer.js:83:22) {"length":94,"name":"error","severity":"FATAL","code":"3D000","file":"postinit.c","line":"887","routine":"InitPostgres"}
2026-05-12 22:35:41 [ERROR] error: database "vishaljha" does not exist
    at /Users/vishaljha/Stream-Hosting-Platform/backend/node_modules/pg-pool/index.js:45:11
    at process.processTicksAndRejections (node:internal/process/task_queues:105:5)
    at async Object.query (/Users/vishaljha/Stream-Hosting-Platform/backend/db/database.js:116:18)
    at async Timeout._broadcastStats [as _onTimeout] (/Users/vishaljha/Stream-Hosting-Platform/backend/services/websocketServer.js:83:22) {"length":94,"name":"error","severity":"FATAL","code":"3D000","file":"postinit.c","line":"887","routine":"InitPostgres"}
2026-05-12 22:35:46 [ERROR] error: database "vishaljha" does not exist
    at /Users/vishaljha/Stream-Hosting-Platform/backend/node_modules/pg-pool/index.js:45:11
    at process.processTicksAndRejections (node:internal/process/task_queues:105:5)
    at async Object.query (/Users/vishaljha/Stream-Hosting-Platform/backend/db/database.js:116:18)
    at async Timeout._broadcastStats [as _onTimeout] (/Users/vishaljha/Stream-Hosting-Platform/backend/services/websocketServer.js:83:22) {"length":94,"name":"error","severity":"FATAL","code":"3D000","file":"postinit.c","line":"887","routine":"InitPostgres"}
2026-05-12 22:35:51 [ERROR] error: database "vishaljha" does not exist
    at /Users/vishaljha/Stream-Hosting-Platform/backend/node_modules/pg-pool/index.js:45:11
    at process.processTicksAndRejections (node:internal/process/task_queues:105:5)
    at async Object.query (/Users/vishaljha/Stream-Hosting-Platform/backend/db/database.js:116:18)
    at async Timeout._broadcastStats [as _onTimeout] (/Users/vishaljha/Stream-Hosting-Platform/backend/services/websocketServer.js:83:22) {"length":94,"name":"error","severity":"FATAL","code":"3D000","file":"postinit.c","line":"887","routine":"InitPostgres"}
2026-05-12 22:35:56 [ERROR] error: database "vishaljha" does not exist
    at /Users/vishaljha/Stream-Hosting-Platform/backend/node_modules/pg-pool/index.js:45:11
    at process.processTicksAndRejections (node:internal/process/task_queues:105:5)
    at async Object.query (/Users/vishaljha/Stream-Hosting-Platform/backend/db/database.js:116:18)
    at async /Users/vishaljha/Stream-Hosting-Platform/backend/routes/users.js:37:5 {"length":94,"name":"error","severity":"FATAL","code":"3D000","file":"postinit.c","line":"887","routine":"InitPostgres"}
2026-05-12 22:35:56 [ERROR] error: database "vishaljha" does not exist
    at /Users/vishaljha/Stream-Hosting-Platform/backend/node_modules/pg-pool/index.js:45:11
    at process.processTicksAndRejections (node:internal/process/task_queues:105:5)
    at async Object.query (/Users/vishaljha/Stream-Hosting-Platform/backend/db/database.js:116:18)
    at async Timeout._broadcastStats [as _onTimeout] (/Users/vishaljha/Stream-Hosting-Platform/backend/services/websocketServer.js:83:22) {"length":94,"name":"error","severity":"FATAL","code":"3D000","file":"postinit.c","line":"887","routine":"InitPostgres"}
2026-05-12 22:36:01 [ERROR] error: database "vishaljha" does not exist
    at /Users/vishaljha/Stream-Hosting-Platform/backend/node_modules/pg-pool/index.js:45:11
    at process.processTicksAndRejections (node:internal/process/task_queues:105:5)
    at async Object.query (/Users/vishaljha/Stream-Hosting-Platform/backend/db/database.js:116:18)
    at async Timeout._broadcastStats [as _onTimeout] (/Users/vishaljha/Stream-Hosting-Platform/backend/services/websocketServer.js:83:22) {"length":94,"name":"error","severity":"FATAL","code":"3D000","file":"postinit.c","line":"887","routine":"InitPostgres"}
2026-05-12 22:36:06 [ERROR] error: database "vishaljha" does not exist
    at /Users/vishaljha/Stream-Hosting-Platform/backend/node_modules/pg-pool/index.js:45:11
    at process.processTicksAndRejections (node:internal/process/task_queues:105:5)
    at async Object.query (/Users/vishaljha/Stream-Hosting-Platform/backend/db/database.js:116:18)
    at async Timeout._broadcastStats [as _onTimeout] (/Users/vishaljha/Stream-Hosting-Platform/backend/services/websocketServer.js:83:22) {"length":94,"name":"error","severity":"FATAL","code":"3D000","file":"postinit.c","line":"887","routine":"InitPostgres"}
2026-05-12 22:36:11 [ERROR] error: database "vishaljha" does not exist
    at /Users/vishaljha/Stream-Hosting-Platform/backend/node_modules/pg-pool/index.js:45:11
    at process.processTicksAndRejections (node:internal/process/task_queues:105:5)
    at async Object.query (/Users/vishaljha/Stream-Hosting-Platform/backend/db/database.js:116:18)
    at async Timeout._broadcastStats [as _onTimeout] (/Users/vishaljha/Stream-Hosting-Platform/backend/services/websocketServer.js:83:22) {"length":94,"name":"error","severity":"FATAL","code":"3D000","file":"postinit.c","line":"887","routine":"InitPostgres"}
2026-05-12 22:36:16 [ERROR] error: database "vishaljha" does not exist
    at /Users/vishaljha/Stream-Hosting-Platform/backend/node_modules/pg-pool/index.js:45:11
    at process.processTicksAndRejections (node:internal/process/task_queues:105:5)
    at async Object.query (/Users/vishaljha/Stream-Hosting-Platform/backend/db/database.js:116:18)
    at async Timeout._broadcastStats [as _onTimeout] (/Users/vishaljha/Stream-Hosting-Platform/backend/services/websocketServer.js:83:22) {"length":94,"name":"error","severity":"FATAL","code":"3D000","file":"postinit.c","line":"887","routine":"InitPostgres"}
2026-05-12 22:40:20 [ERROR] [DB] Query error relation "users" does not exist {"code":"42P01","query":"SELECT username, last_ip, stream_start_time, stream_to_youtube, stream_to_kick, stream_to_twitch "}
2026-05-12 22:40:20 [ERROR] error: relation "users" does not exist
    at /Users/vishaljha/Stream-Hosting-Platform/backend/node_modules/pg/lib/client.js:631:17
    at process.processTicksAndRejections (node:internal/process/task_queues:105:5)
    at async Object.query (/Users/vishaljha/Stream-Hosting-Platform/backend/db/database.js:118:20)
    at async Timeout._broadcastStats [as _onTimeout] (/Users/vishaljha/Stream-Hosting-Platform/backend/services/websocketServer.js:83:22) {"length":105,"name":"error","severity":"ERROR","code":"42P01","position":"126","file":"parse_relation.c","line":"1384","routine":"parserOpenTable"}
2026-05-12 22:40:20 [ERROR] [DB] Query error relation "users" does not exist {"code":"42P01","query":"SELECT username, stream_key, youtube_url, twitch_url, kick_url, stream_to_youtube, stream_to_twitch, stream_to_kick,"}
2026-05-12 22:40:20 [ERROR] [Heal] Error during restream heal check:
2026-05-12 22:40:25 [ERROR] [DB] Query error relation "users" does not exist {"code":"42P01","query":"SELECT username, last_ip, stream_start_time, stream_to_youtube, stream_to_kick, stream_to_twitch "}
2026-05-12 22:40:25 [ERROR] error: relation "users" does not exist
    at /Users/vishaljha/Stream-Hosting-Platform/backend/node_modules/pg/lib/client.js:631:17
    at process.processTicksAndRejections (node:internal/process/task_queues:105:5)
    at async Object.query (/Users/vishaljha/Stream-Hosting-Platform/backend/db/database.js:118:20)
    at async Timeout._broadcastStats [as _onTimeout] (/Users/vishaljha/Stream-Hosting-Platform/backend/services/websocketServer.js:83:22) {"length":105,"name":"error","severity":"ERROR","code":"42P01","position":"126","file":"parse_relation.c","line":"1384","routine":"parserOpenTable"}
2026-05-12 22:40:30 [ERROR] [DB] Query error relation "users" does not exist {"code":"42P01","query":"SELECT username, last_ip, stream_start_time, stream_to_youtube, stream_to_kick, stream_to_twitch "}
2026-05-12 22:40:30 [ERROR] error: relation "users" does not exist
    at /Users/vishaljha/Stream-Hosting-Platform/backend/node_modules/pg/lib/client.js:631:17
    at process.processTicksAndRejections (node:internal/process/task_queues:105:5)
    at async Object.query (/Users/vishaljha/Stream-Hosting-Platform/backend/db/database.js:118:20)
    at async Timeout._broadcastStats [as _onTimeout] (/Users/vishaljha/Stream-Hosting-Platform/backend/services/websocketServer.js:83:22) {"length":105,"name":"error","severity":"ERROR","code":"42P01","position":"126","file":"parse_relation.c","line":"1384","routine":"parserOpenTable"}
2026-05-12 22:40:35 [ERROR] [DB] Query error relation "users" does not exist {"code":"42P01","query":"SELECT username, last_ip, stream_start_time, stream_to_youtube, stream_to_kick, stream_to_twitch "}
2026-05-12 22:40:35 [ERROR] error: relation "users" does not exist
    at /Users/vishaljha/Stream-Hosting-Platform/backend/node_modules/pg/lib/client.js:631:17
    at process.processTicksAndRejections (node:internal/process/task_queues:105:5)
    at async Object.query (/Users/vishaljha/Stream-Hosting-Platform/backend/db/database.js:118:20)
    at async Timeout._broadcastStats [as _onTimeout] (/Users/vishaljha/Stream-Hosting-Platform/backend/services/websocketServer.js:83:22) {"length":105,"name":"error","severity":"ERROR","code":"42P01","position":"126","file":"parse_relation.c","line":"1384","routine":"parserOpenTable"}
2026-05-12 22:40:35 [ERROR] [DB] Query error relation "users" does not exist {"code":"42P01","query":"SELECT username, stream_key, youtube_url, twitch_url, kick_url, stream_to_youtube, stream_to_twitch, stream_to_kick,"}
2026-05-12 22:40:35 [ERROR] [Heal] Error during restream heal check:
2026-05-12 22:40:40 [ERROR] [DB] Query error relation "users" does not exist {"code":"42P01","query":"SELECT username, last_ip, stream_start_time, stream_to_youtube, stream_to_kick, stream_to_twitch "}
2026-05-12 22:40:40 [ERROR] error: relation "users" does not exist
    at /Users/vishaljha/Stream-Hosting-Platform/backend/node_modules/pg/lib/client.js:631:17
    at process.processTicksAndRejections (node:internal/process/task_queues:105:5)
    at async Object.query (/Users/vishaljha/Stream-Hosting-Platform/backend/db/database.js:118:20)
    at async Timeout._broadcastStats [as _onTimeout] (/Users/vishaljha/Stream-Hosting-Platform/backend/services/websocketServer.js:83:22) {"length":105,"name":"error","severity":"ERROR","code":"42P01","position":"126","file":"parse_relation.c","line":"1384","routine":"parserOpenTable"}
2026-05-12 22:40:45 [ERROR] [DB] Query error relation "users" does not exist {"code":"42P01","query":"SELECT username, last_ip, stream_start_time, stream_to_youtube, stream_to_kick, stream_to_twitch "}
2026-05-12 22:40:45 [ERROR] error: relation "users" does not exist
    at /Users/vishaljha/Stream-Hosting-Platform/backend/node_modules/pg/lib/client.js:631:17
    at process.processTicksAndRejections (node:internal/process/task_queues:105:5)
    at async Object.query (/Users/vishaljha/Stream-Hosting-Platform/backend/db/database.js:118:20)
    at async Timeout._broadcastStats [as _onTimeout] (/Users/vishaljha/Stream-Hosting-Platform/backend/services/websocketServer.js:83:22) {"length":105,"name":"error","severity":"ERROR","code":"42P01","position":"126","file":"parse_relation.c","line":"1384","routine":"parserOpenTable"}
2026-05-12 22:40:50 [ERROR] [DB] Query error relation "users" does not exist {"code":"42P01","query":"SELECT username, last_ip, stream_start_time, stream_to_youtube, stream_to_kick, stream_to_twitch "}
2026-05-12 22:40:50 [ERROR] error: relation "users" does not exist
    at /Users/vishaljha/Stream-Hosting-Platform/backend/node_modules/pg/lib/client.js:631:17
    at process.processTicksAndRejections (node:internal/process/task_queues:105:5)
    at async Object.query (/Users/vishaljha/Stream-Hosting-Platform/backend/db/database.js:118:20)
    at async Timeout._broadcastStats [as _onTimeout] (/Users/vishaljha/Stream-Hosting-Platform/backend/services/websocketServer.js:83:22) {"length":105,"name":"error","severity":"ERROR","code":"42P01","position":"126","file":"parse_relation.c","line":"1384","routine":"parserOpenTable"}
2026-05-12 22:40:50 [ERROR] [DB] Query error relation "users" does not exist {"code":"42P01","query":"SELECT username, stream_key, youtube_url, twitch_url, kick_url, stream_to_youtube, stream_to_twitch, stream_to_kick,"}
2026-05-12 22:40:50 [ERROR] [Heal] Error during restream heal check:
2026-05-12 22:40:55 [ERROR] [DB] Query error relation "users" does not exist {"code":"42P01","query":"SELECT username, last_ip, stream_start_time, stream_to_youtube, stream_to_kick, stream_to_twitch "}
2026-05-12 22:40:55 [ERROR] error: relation "users" does not exist
    at /Users/vishaljha/Stream-Hosting-Platform/backend/node_modules/pg/lib/client.js:631:17
    at process.processTicksAndRejections (node:internal/process/task_queues:105:5)
    at async Object.query (/Users/vishaljha/Stream-Hosting-Platform/backend/db/database.js:118:20)
    at async Timeout._broadcastStats [as _onTimeout] (/Users/vishaljha/Stream-Hosting-Platform/backend/services/websocketServer.js:83:22) {"length":105,"name":"error","severity":"ERROR","code":"42P01","position":"126","file":"parse_relation.c","line":"1384","routine":"parserOpenTable"}
2026-05-12 22:41:00 [ERROR] [DB] Query error relation "users" does not exist {"code":"42P01","query":"SELECT username, last_ip, stream_start_time, stream_to_youtube, stream_to_kick, stream_to_twitch "}
2026-05-12 22:41:00 [ERROR] error: relation "users" does not exist
    at /Users/vishaljha/Stream-Hosting-Platform/backend/node_modules/pg/lib/client.js:631:17
    at process.processTicksAndRejections (node:internal/process/task_queues:105:5)
    at async Object.query (/Users/vishaljha/Stream-Hosting-Platform/backend/db/database.js:118:20)
    at async Timeout._broadcastStats [as _onTimeout] (/Users/vishaljha/Stream-Hosting-Platform/backend/services/websocketServer.js:83:22) {"length":105,"name":"error","severity":"ERROR","code":"42P01","position":"126","file":"parse_relation.c","line":"1384","routine":"parserOpenTable"}
2026-05-12 22:41:05 [ERROR] [DB] Query error relation "users" does not exist {"code":"42P01","query":"SELECT username, last_ip, stream_start_time, stream_to_youtube, stream_to_kick, stream_to_twitch "}
2026-05-12 22:41:05 [ERROR] error: relation "users" does not exist
    at /Users/vishaljha/Stream-Hosting-Platform/backend/node_modules/pg/lib/client.js:631:17
    at process.processTicksAndRejections (node:internal/process/task_queues:105:5)
    at async Object.query (/Users/vishaljha/Stream-Hosting-Platform/backend/db/database.js:118:20)
    at async Timeout._broadcastStats [as _onTimeout] (/Users/vishaljha/Stream-Hosting-Platform/backend/services/websocketServer.js:83:22) {"length":105,"name":"error","severity":"ERROR","code":"42P01","position":"126","file":"parse_relation.c","line":"1384","routine":"parserOpenTable"}
2026-05-12 22:41:05 [ERROR] [DB] Query error relation "users" does not exist {"code":"42P01","query":"SELECT username, stream_key, youtube_url, twitch_url, kick_url, stream_to_youtube, stream_to_twitch, stream_to_kick,"}
2026-05-12 22:41:05 [ERROR] [Heal] Error during restream heal check:
2026-05-12 22:41:10 [ERROR] [DB] Query error relation "users" does not exist {"code":"42P01","query":"SELECT username, last_ip, stream_start_time, stream_to_youtube, stream_to_kick, stream_to_twitch "}
2026-05-12 22:41:10 [ERROR] error: relation "users" does not exist
    at /Users/vishaljha/Stream-Hosting-Platform/backend/node_modules/pg/lib/client.js:631:17
    at process.processTicksAndRejections (node:internal/process/task_queues:105:5)
    at async Object.query (/Users/vishaljha/Stream-Hosting-Platform/backend/db/database.js:118:20)
    at async Timeout._broadcastStats [as _onTimeout] (/Users/vishaljha/Stream-Hosting-Platform/backend/services/websocketServer.js:83:22) {"length":105,"name":"error","severity":"ERROR","code":"42P01","position":"126","file":"parse_relation.c","line":"1384","routine":"parserOpenTable"}
2026-05-12 22:41:15 [ERROR] [DB] Query error relation "users" does not exist {"code":"42P01","query":"SELECT username, last_ip, stream_start_time, stream_to_youtube, stream_to_kick, stream_to_twitch "}
2026-05-12 22:41:15 [ERROR] error: relation "users" does not exist
    at /Users/vishaljha/Stream-Hosting-Platform/backend/node_modules/pg/lib/client.js:631:17
    at process.processTicksAndRejections (node:internal/process/task_queues:105:5)
    at async Object.query (/Users/vishaljha/Stream-Hosting-Platform/backend/db/database.js:118:20)
    at async Timeout._broadcastStats [as _onTimeout] (/Users/vishaljha/Stream-Hosting-Platform/backend/services/websocketServer.js:83:22) {"length":105,"name":"error","severity":"ERROR","code":"42P01","position":"126","file":"parse_relation.c","line":"1384","routine":"parserOpenTable"}
2026-05-12 22:41:20 [ERROR] [DB] Query error relation "users" does not exist {"code":"42P01","query":"SELECT username, last_ip, stream_start_time, stream_to_youtube, stream_to_kick, stream_to_twitch "}
2026-05-12 22:41:20 [ERROR] error: relation "users" does not exist
    at /Users/vishaljha/Stream-Hosting-Platform/backend/node_modules/pg/lib/client.js:631:17
    at process.processTicksAndRejections (node:internal/process/task_queues:105:5)
    at async Object.query (/Users/vishaljha/Stream-Hosting-Platform/backend/db/database.js:118:20)
    at async Timeout._broadcastStats [as _onTimeout] (/Users/vishaljha/Stream-Hosting-Platform/backend/services/websocketServer.js:83:22) {"length":105,"name":"error","severity":"ERROR","code":"42P01","position":"126","file":"parse_relation.c","line":"1384","routine":"parserOpenTable"}
2026-05-12 22:41:20 [ERROR] [DB] Query error relation "users" does not exist {"code":"42P01","query":"SELECT username, stream_key, youtube_url, twitch_url, kick_url, stream_to_youtube, stream_to_twitch, stream_to_kick,"}
2026-05-12 22:41:20 [ERROR] [Heal] Error during restream heal check:
2026-05-12 22:41:25 [ERROR] [DB] Query error relation "users" does not exist {"code":"42P01","query":"SELECT username, last_ip, stream_start_time, stream_to_youtube, stream_to_kick, stream_to_twitch "}
2026-05-12 22:41:25 [ERROR] error: relation "users" does not exist
    at /Users/vishaljha/Stream-Hosting-Platform/backend/node_modules/pg/lib/client.js:631:17
    at process.processTicksAndRejections (node:internal/process/task_queues:105:5)
    at async Object.query (/Users/vishaljha/Stream-Hosting-Platform/backend/db/database.js:118:20)
    at async Timeout._broadcastStats [as _onTimeout] (/Users/vishaljha/Stream-Hosting-Platform/backend/services/websocketServer.js:83:22) {"length":105,"name":"error","severity":"ERROR","code":"42P01","position":"126","file":"parse_relation.c","line":"1384","routine":"parserOpenTable"}
2026-05-12 22:41:30 [ERROR] [DB] Query error relation "users" does not exist {"code":"42P01","query":"SELECT username, last_ip, stream_start_time, stream_to_youtube, stream_to_kick, stream_to_twitch "}
2026-05-12 22:41:30 [ERROR] error: relation "users" does not exist
    at /Users/vishaljha/Stream-Hosting-Platform/backend/node_modules/pg/lib/client.js:631:17
    at process.processTicksAndRejections (node:internal/process/task_queues:105:5)
    at async Object.query (/Users/vishaljha/Stream-Hosting-Platform/backend/db/database.js:118:20)
    at async Timeout._broadcastStats [as _onTimeout] (/Users/vishaljha/Stream-Hosting-Platform/backend/services/websocketServer.js:83:22) {"length":105,"name":"error","severity":"ERROR","code":"42P01","position":"126","file":"parse_relation.c","line":"1384","routine":"parserOpenTable"}
2026-05-12 22:41:35 [ERROR] [DB] Query error relation "users" does not exist {"code":"42P01","query":"SELECT username, last_ip, stream_start_time, stream_to_youtube, stream_to_kick, stream_to_twitch "}
2026-05-12 22:41:35 [ERROR] error: relation "users" does not exist
    at /Users/vishaljha/Stream-Hosting-Platform/backend/node_modules/pg/lib/client.js:631:17
    at process.processTicksAndRejections (node:internal/process/task_queues:105:5)
    at async Object.query (/Users/vishaljha/Stream-Hosting-Platform/backend/db/database.js:118:20)
    at async Timeout._broadcastStats [as _onTimeout] (/Users/vishaljha/Stream-Hosting-Platform/backend/services/websocketServer.js:83:22) {"length":105,"name":"error","severity":"ERROR","code":"42P01","position":"126","file":"parse_relation.c","line":"1384","routine":"parserOpenTable"}
2026-05-12 22:41:35 [ERROR] [DB] Query error relation "users" does not exist {"code":"42P01","query":"SELECT username, stream_key, youtube_url, twitch_url, kick_url, stream_to_youtube, stream_to_twitch, stream_to_kick,"}
2026-05-12 22:41:35 [ERROR] [Heal] Error during restream heal check:
2026-05-12 22:41:40 [ERROR] [DB] Query error relation "users" does not exist {"code":"42P01","query":"SELECT username, last_ip, stream_start_time, stream_to_youtube, stream_to_kick, stream_to_twitch "}
2026-05-12 22:41:40 [ERROR] error: relation "users" does not exist
    at /Users/vishaljha/Stream-Hosting-Platform/backend/node_modules/pg/lib/client.js:631:17
    at process.processTicksAndRejections (node:internal/process/task_queues:105:5)
    at async Object.query (/Users/vishaljha/Stream-Hosting-Platform/backend/db/database.js:118:20)
    at async Timeout._broadcastStats [as _onTimeout] (/Users/vishaljha/Stream-Hosting-Platform/backend/services/websocketServer.js:83:22) {"length":105,"name":"error","severity":"ERROR","code":"42P01","position":"126","file":"parse_relation.c","line":"1384","routine":"parserOpenTable"}
2026-05-12 22:41:45 [ERROR] [DB] Query error relation "users" does not exist {"code":"42P01","query":"SELECT username, last_ip, stream_start_time, stream_to_youtube, stream_to_kick, stream_to_twitch "}
2026-05-12 22:41:45 [ERROR] error: relation "users" does not exist
    at /Users/vishaljha/Stream-Hosting-Platform/backend/node_modules/pg/lib/client.js:631:17
    at process.processTicksAndRejections (node:internal/process/task_queues:105:5)
    at async Object.query (/Users/vishaljha/Stream-Hosting-Platform/backend/db/database.js:118:20)
    at async Timeout._broadcastStats [as _onTimeout] (/Users/vishaljha/Stream-Hosting-Platform/backend/services/websocketServer.js:83:22) {"length":105,"name":"error","severity":"ERROR","code":"42P01","position":"126","file":"parse_relation.c","line":"1384","routine":"parserOpenTable"}
2026-05-12 22:41:50 [ERROR] [DB] Query error relation "users" does not exist {"code":"42P01","query":"SELECT username, last_ip, stream_start_time, stream_to_youtube, stream_to_kick, stream_to_twitch "}
2026-05-12 22:41:50 [ERROR] error: relation "users" does not exist
    at /Users/vishaljha/Stream-Hosting-Platform/backend/node_modules/pg/lib/client.js:631:17
    at process.processTicksAndRejections (node:internal/process/task_queues:105:5)
    at async Object.query (/Users/vishaljha/Stream-Hosting-Platform/backend/db/database.js:118:20)
    at async Timeout._broadcastStats [as _onTimeout] (/Users/vishaljha/Stream-Hosting-Platform/backend/services/websocketServer.js:83:22) {"length":105,"name":"error","severity":"ERROR","code":"42P01","position":"126","file":"parse_relation.c","line":"1384","routine":"parserOpenTable"}
2026-05-12 22:41:50 [ERROR] [DB] Query error relation "users" does not exist {"code":"42P01","query":"SELECT username, stream_key, youtube_url, twitch_url, kick_url, stream_to_youtube, stream_to_twitch, stream_to_kick,"}
2026-05-12 22:41:50 [ERROR] [Heal] Error during restream heal check:
2026-05-12 22:41:55 [ERROR] [DB] Query error relation "users" does not exist {"code":"42P01","query":"SELECT username, last_ip, stream_start_time, stream_to_youtube, stream_to_kick, stream_to_twitch "}
2026-05-12 22:41:55 [ERROR] error: relation "users" does not exist
    at /Users/vishaljha/Stream-Hosting-Platform/backend/node_modules/pg/lib/client.js:631:17
    at process.processTicksAndRejections (node:internal/process/task_queues:105:5)
    at async Object.query (/Users/vishaljha/Stream-Hosting-Platform/backend/db/database.js:118:20)
    at async Timeout._broadcastStats [as _onTimeout] (/Users/vishaljha/Stream-Hosting-Platform/backend/services/websocketServer.js:83:22) {"length":105,"name":"error","severity":"ERROR","code":"42P01","position":"126","file":"parse_relation.c","line":"1384","routine":"parserOpenTable"}
2026-05-12 22:42:00 [ERROR] [DB] Query error relation "users" does not exist {"code":"42P01","query":"SELECT username, last_ip, stream_start_time, stream_to_youtube, stream_to_kick, stream_to_twitch "}
2026-05-12 22:42:00 [ERROR] error: relation "users" does not exist
    at /Users/vishaljha/Stream-Hosting-Platform/backend/node_modules/pg/lib/client.js:631:17
    at process.processTicksAndRejections (node:internal/process/task_queues:105:5)
    at async Object.query (/Users/vishaljha/Stream-Hosting-Platform/backend/db/database.js:118:20)
    at async Timeout._broadcastStats [as _onTimeout] (/Users/vishaljha/Stream-Hosting-Platform/backend/services/websocketServer.js:83:22) {"length":105,"name":"error","severity":"ERROR","code":"42P01","position":"126","file":"parse_relation.c","line":"1384","routine":"parserOpenTable"}
2026-05-12 22:42:05 [ERROR] [DB] Query error relation "users" does not exist {"code":"42P01","query":"SELECT username, last_ip, stream_start_time, stream_to_youtube, stream_to_kick, stream_to_twitch "}
2026-05-12 22:42:05 [ERROR] error: relation "users" does not exist
    at /Users/vishaljha/Stream-Hosting-Platform/backend/node_modules/pg/lib/client.js:631:17
    at process.processTicksAndRejections (node:internal/process/task_queues:105:5)
    at async Object.query (/Users/vishaljha/Stream-Hosting-Platform/backend/db/database.js:118:20)
    at async Timeout._broadcastStats [as _onTimeout] (/Users/vishaljha/Stream-Hosting-Platform/backend/services/websocketServer.js:83:22) {"length":105,"name":"error","severity":"ERROR","code":"42P01","position":"126","file":"parse_relation.c","line":"1384","routine":"parserOpenTable"}
2026-05-12 22:42:05 [ERROR] [DB] Query error relation "users" does not exist {"code":"42P01","query":"SELECT username, stream_key, youtube_url, twitch_url, kick_url, stream_to_youtube, stream_to_twitch, stream_to_kick,"}
2026-05-12 22:42:05 [ERROR] [Heal] Error during restream heal check:
2026-05-12 22:42:10 [ERROR] [DB] Query error relation "users" does not exist {"code":"42P01","query":"SELECT username, last_ip, stream_start_time, stream_to_youtube, stream_to_kick, stream_to_twitch "}
2026-05-12 22:42:10 [ERROR] error: relation "users" does not exist
    at /Users/vishaljha/Stream-Hosting-Platform/backend/node_modules/pg/lib/client.js:631:17
    at process.processTicksAndRejections (node:internal/process/task_queues:105:5)
    at async Object.query (/Users/vishaljha/Stream-Hosting-Platform/backend/db/database.js:118:20)
    at async Timeout._broadcastStats [as _onTimeout] (/Users/vishaljha/Stream-Hosting-Platform/backend/services/websocketServer.js:83:22) {"length":105,"name":"error","severity":"ERROR","code":"42P01","position":"126","file":"parse_relation.c","line":"1384","routine":"parserOpenTable"}
2026-05-12 22:42:15 [ERROR] [DB] Query error relation "users" does not exist {"code":"42P01","query":"SELECT username, last_ip, stream_start_time, stream_to_youtube, stream_to_kick, stream_to_twitch "}
2026-05-12 22:42:15 [ERROR] error: relation "users" does not exist
    at /Users/vishaljha/Stream-Hosting-Platform/backend/node_modules/pg/lib/client.js:631:17
    at process.processTicksAndRejections (node:internal/process/task_queues:105:5)
    at async Object.query (/Users/vishaljha/Stream-Hosting-Platform/backend/db/database.js:118:20)
    at async Timeout._broadcastStats [as _onTimeout] (/Users/vishaljha/Stream-Hosting-Platform/backend/services/websocketServer.js:83:22) {"length":105,"name":"error","severity":"ERROR","code":"42P01","position":"126","file":"parse_relation.c","line":"1384","routine":"parserOpenTable"}
2026-05-12 22:42:20 [ERROR] [DB] Query error relation "users" does not exist {"code":"42P01","query":"INSERT INTO users (username, email, password_hash, stream_key, srt_passphrase, is_active) VALUES ($1, $2, $3, $4,"}
2026-05-12 22:42:20 [ERROR] error: relation "users" does not exist
    at /Users/vishaljha/Stream-Hosting-Platform/backend/node_modules/pg/lib/client.js:631:17
    at process.processTicksAndRejections (node:internal/process/task_queues:105:5)
    at async Object.query (/Users/vishaljha/Stream-Hosting-Platform/backend/db/database.js:118:20)
    at async /Users/vishaljha/Stream-Hosting-Platform/backend/routes/users.js:37:5 {"length":104,"name":"error","severity":"ERROR","code":"42P01","position":"13","file":"parse_relation.c","line":"1384","routine":"parserOpenTable"}
2026-05-12 22:42:20 [ERROR] [DB] Query error relation "users" does not exist {"code":"42P01","query":"SELECT username, last_ip, stream_start_time, stream_to_youtube, stream_to_kick, stream_to_twitch "}
2026-05-12 22:42:20 [ERROR] error: relation "users" does not exist
    at /Users/vishaljha/Stream-Hosting-Platform/backend/node_modules/pg/lib/client.js:631:17
    at process.processTicksAndRejections (node:internal/process/task_queues:105:5)
    at async Object.query (/Users/vishaljha/Stream-Hosting-Platform/backend/db/database.js:118:20)
    at async Timeout._broadcastStats [as _onTimeout] (/Users/vishaljha/Stream-Hosting-Platform/backend/services/websocketServer.js:83:22) {"length":105,"name":"error","severity":"ERROR","code":"42P01","position":"126","file":"parse_relation.c","line":"1384","routine":"parserOpenTable"}
2026-05-12 22:42:20 [ERROR] [DB] Query error relation "users" does not exist {"code":"42P01","query":"SELECT username, stream_key, youtube_url, twitch_url, kick_url, stream_to_youtube, stream_to_twitch, stream_to_kick,"}
2026-05-12 22:42:20 [ERROR] [Heal] Error during restream heal check:
2026-05-12 22:42:25 [ERROR] [DB] Query error relation "users" does not exist {"code":"42P01","query":"SELECT username, last_ip, stream_start_time, stream_to_youtube, stream_to_kick, stream_to_twitch "}
2026-05-12 22:42:25 [ERROR] error: relation "users" does not exist
    at /Users/vishaljha/Stream-Hosting-Platform/backend/node_modules/pg/lib/client.js:631:17
    at process.processTicksAndRejections (node:internal/process/task_queues:105:5)
    at async Object.query (/Users/vishaljha/Stream-Hosting-Platform/backend/db/database.js:118:20)
    at async Timeout._broadcastStats [as _onTimeout] (/Users/vishaljha/Stream-Hosting-Platform/backend/services/websocketServer.js:83:22) {"length":105,"name":"error","severity":"ERROR","code":"42P01","position":"126","file":"parse_relation.c","line":"1384","routine":"parserOpenTable"}
2026-05-12 22:42:30 [ERROR] [DB] Query error relation "users" does not exist {"code":"42P01","query":"SELECT username, last_ip, stream_start_time, stream_to_youtube, stream_to_kick, stream_to_twitch "}
2026-05-12 22:42:30 [ERROR] error: relation "users" does not exist
    at /Users/vishaljha/Stream-Hosting-Platform/backend/node_modules/pg/lib/client.js:631:17
    at process.processTicksAndRejections (node:internal/process/task_queues:105:5)
    at async Object.query (/Users/vishaljha/Stream-Hosting-Platform/backend/db/database.js:118:20)
    at async Timeout._broadcastStats [as _onTimeout] (/Users/vishaljha/Stream-Hosting-Platform/backend/services/websocketServer.js:83:22) {"length":105,"name":"error","severity":"ERROR","code":"42P01","position":"126","file":"parse_relation.c","line":"1384","routine":"parserOpenTable"}
2026-05-12 22:42:35 [ERROR] [DB] Query error relation "users" does not exist {"code":"42P01","query":"SELECT username, last_ip, stream_start_time, stream_to_youtube, stream_to_kick, stream_to_twitch "}
2026-05-12 22:42:35 [ERROR] error: relation "users" does not exist
    at /Users/vishaljha/Stream-Hosting-Platform/backend/node_modules/pg/lib/client.js:631:17
    at process.processTicksAndRejections (node:internal/process/task_queues:105:5)
    at async Object.query (/Users/vishaljha/Stream-Hosting-Platform/backend/db/database.js:118:20)
    at async Timeout._broadcastStats [as _onTimeout] (/Users/vishaljha/Stream-Hosting-Platform/backend/services/websocketServer.js:83:22) {"length":105,"name":"error","severity":"ERROR","code":"42P01","position":"126","file":"parse_relation.c","line":"1384","routine":"parserOpenTable"}
2026-05-12 22:42:35 [ERROR] [DB] Query error relation "users" does not exist {"code":"42P01","query":"SELECT username, stream_key, youtube_url, twitch_url, kick_url, stream_to_youtube, stream_to_twitch, stream_to_kick,"}
2026-05-12 22:42:35 [ERROR] [Heal] Error during restream heal check:
2026-05-12 22:42:40 [ERROR] [DB] Query error relation "users" does not exist {"code":"42P01","query":"SELECT username, last_ip, stream_start_time, stream_to_youtube, stream_to_kick, stream_to_twitch "}
2026-05-12 22:42:40 [ERROR] error: relation "users" does not exist
    at /Users/vishaljha/Stream-Hosting-Platform/backend/node_modules/pg/lib/client.js:631:17
    at process.processTicksAndRejections (node:internal/process/task_queues:105:5)
    at async Object.query (/Users/vishaljha/Stream-Hosting-Platform/backend/db/database.js:118:20)
    at async Timeout._broadcastStats [as _onTimeout] (/Users/vishaljha/Stream-Hosting-Platform/backend/services/websocketServer.js:83:22) {"length":105,"name":"error","severity":"ERROR","code":"42P01","position":"126","file":"parse_relation.c","line":"1384","routine":"parserOpenTable"}
2026-05-12 22:42:45 [ERROR] [DB] Query error relation "users" does not exist {"code":"42P01","query":"SELECT username, last_ip, stream_start_time, stream_to_youtube, stream_to_kick, stream_to_twitch "}
2026-05-12 22:42:45 [ERROR] error: relation "users" does not exist
    at /Users/vishaljha/Stream-Hosting-Platform/backend/node_modules/pg/lib/client.js:631:17
    at process.processTicksAndRejections (node:internal/process/task_queues:105:5)
    at async Object.query (/Users/vishaljha/Stream-Hosting-Platform/backend/db/database.js:118:20)
    at async Timeout._broadcastStats [as _onTimeout] (/Users/vishaljha/Stream-Hosting-Platform/backend/services/websocketServer.js:83:22) {"length":105,"name":"error","severity":"ERROR","code":"42P01","position":"126","file":"parse_relation.c","line":"1384","routine":"parserOpenTable"}
2026-05-12 22:42:50 [ERROR] [DB] Query error relation "users" does not exist {"code":"42P01","query":"SELECT username, last_ip, stream_start_time, stream_to_youtube, stream_to_kick, stream_to_twitch "}
2026-05-12 22:42:50 [ERROR] error: relation "users" does not exist
    at /Users/vishaljha/Stream-Hosting-Platform/backend/node_modules/pg/lib/client.js:631:17
    at process.processTicksAndRejections (node:internal/process/task_queues:105:5)
    at async Object.query (/Users/vishaljha/Stream-Hosting-Platform/backend/db/database.js:118:20)
    at async Timeout._broadcastStats [as _onTimeout] (/Users/vishaljha/Stream-Hosting-Platform/backend/services/websocketServer.js:83:22) {"length":105,"name":"error","severity":"ERROR","code":"42P01","position":"126","file":"parse_relation.c","line":"1384","routine":"parserOpenTable"}
2026-05-12 22:42:50 [ERROR] [DB] Query error relation "users" does not exist {"code":"42P01","query":"SELECT username, stream_key, youtube_url, twitch_url, kick_url, stream_to_youtube, stream_to_twitch, stream_to_kick,"}
2026-05-12 22:42:50 [ERROR] [Heal] Error during restream heal check:
2026-05-12 22:42:55 [ERROR] [DB] Query error relation "users" does not exist {"code":"42P01","query":"SELECT username, last_ip, stream_start_time, stream_to_youtube, stream_to_kick, stream_to_twitch "}
2026-05-12 22:42:55 [ERROR] error: relation "users" does not exist
    at /Users/vishaljha/Stream-Hosting-Platform/backend/node_modules/pg/lib/client.js:631:17
    at process.processTicksAndRejections (node:internal/process/task_queues:105:5)
    at async Object.query (/Users/vishaljha/Stream-Hosting-Platform/backend/db/database.js:118:20)
    at async Timeout._broadcastStats [as _onTimeout] (/Users/vishaljha/Stream-Hosting-Platform/backend/services/websocketServer.js:83:22) {"length":105,"name":"error","severity":"ERROR","code":"42P01","position":"126","file":"parse_relation.c","line":"1384","routine":"parserOpenTable"}
2026-05-12 22:43:00 [ERROR] [DB] Query error relation "users" does not exist {"code":"42P01","query":"SELECT username, last_ip, stream_start_time, stream_to_youtube, stream_to_kick, stream_to_twitch "}
2026-05-12 22:43:00 [ERROR] error: relation "users" does not exist
    at /Users/vishaljha/Stream-Hosting-Platform/backend/node_modules/pg/lib/client.js:631:17
    at process.processTicksAndRejections (node:internal/process/task_queues:105:5)
    at async Object.query (/Users/vishaljha/Stream-Hosting-Platform/backend/db/database.js:118:20)
    at async Timeout._broadcastStats [as _onTimeout] (/Users/vishaljha/Stream-Hosting-Platform/backend/services/websocketServer.js:83:22) {"length":105,"name":"error","severity":"ERROR","code":"42P01","position":"126","file":"parse_relation.c","line":"1384","routine":"parserOpenTable"}
2026-05-12 22:43:05 [ERROR] [DB] Query error relation "users" does not exist {"code":"42P01","query":"SELECT username, last_ip, stream_start_time, stream_to_youtube, stream_to_kick, stream_to_twitch "}
2026-05-12 22:43:05 [ERROR] error: relation "users" does not exist
    at /Users/vishaljha/Stream-Hosting-Platform/backend/node_modules/pg/lib/client.js:631:17
    at process.processTicksAndRejections (node:internal/process/task_queues:105:5)
    at async Object.query (/Users/vishaljha/Stream-Hosting-Platform/backend/db/database.js:118:20)
    at async Timeout._broadcastStats [as _onTimeout] (/Users/vishaljha/Stream-Hosting-Platform/backend/services/websocketServer.js:83:22) {"length":105,"name":"error","severity":"ERROR","code":"42P01","position":"126","file":"parse_relation.c","line":"1384","routine":"parserOpenTable"}
2026-05-12 22:43:05 [ERROR] [DB] Query error relation "users" does not exist {"code":"42P01","query":"SELECT username, stream_key, youtube_url, twitch_url, kick_url, stream_to_youtube, stream_to_twitch, stream_to_kick,"}
2026-05-12 22:43:05 [ERROR] [Heal] Error during restream heal check:
2026-05-12 22:43:10 [ERROR] [DB] Query error relation "users" does not exist {"code":"42P01","query":"SELECT username, last_ip, stream_start_time, stream_to_youtube, stream_to_kick, stream_to_twitch "}
2026-05-12 22:43:10 [ERROR] error: relation "users" does not exist
    at /Users/vishaljha/Stream-Hosting-Platform/backend/node_modules/pg/lib/client.js:631:17
    at process.processTicksAndRejections (node:internal/process/task_queues:105:5)
    at async Object.query (/Users/vishaljha/Stream-Hosting-Platform/backend/db/database.js:118:20)
    at async Timeout._broadcastStats [as _onTimeout] (/Users/vishaljha/Stream-Hosting-Platform/backend/services/websocketServer.js:83:22) {"length":105,"name":"error","severity":"ERROR","code":"42P01","position":"126","file":"parse_relation.c","line":"1384","routine":"parserOpenTable"}
2026-05-12 22:43:15 [ERROR] [DB] Query error relation "users" does not exist {"code":"42P01","query":"SELECT username, last_ip, stream_start_time, stream_to_youtube, stream_to_kick, stream_to_twitch "}
2026-05-12 22:43:15 [ERROR] error: relation "users" does not exist
    at /Users/vishaljha/Stream-Hosting-Platform/backend/node_modules/pg/lib/client.js:631:17
    at process.processTicksAndRejections (node:internal/process/task_queues:105:5)
    at async Object.query (/Users/vishaljha/Stream-Hosting-Platform/backend/db/database.js:118:20)
    at async Timeout._broadcastStats [as _onTimeout] (/Users/vishaljha/Stream-Hosting-Platform/backend/services/websocketServer.js:83:22) {"length":105,"name":"error","severity":"ERROR","code":"42P01","position":"126","file":"parse_relation.c","line":"1384","routine":"parserOpenTable"}
2026-05-12 22:43:20 [ERROR] [DB] Query error relation "users" does not exist {"code":"42P01","query":"SELECT username, last_ip, stream_start_time, stream_to_youtube, stream_to_kick, stream_to_twitch "}
2026-05-12 22:43:20 [ERROR] error: relation "users" does not exist
    at /Users/vishaljha/Stream-Hosting-Platform/backend/node_modules/pg/lib/client.js:631:17
    at process.processTicksAndRejections (node:internal/process/task_queues:105:5)
    at async Object.query (/Users/vishaljha/Stream-Hosting-Platform/backend/db/database.js:118:20)
    at async Timeout._broadcastStats [as _onTimeout] (/Users/vishaljha/Stream-Hosting-Platform/backend/services/websocketServer.js:83:22) {"length":105,"name":"error","severity":"ERROR","code":"42P01","position":"126","file":"parse_relation.c","line":"1384","routine":"parserOpenTable"}
2026-05-12 22:43:20 [ERROR] [DB] Query error relation "users" does not exist {"code":"42P01","query":"SELECT username, stream_key, youtube_url, twitch_url, kick_url, stream_to_youtube, stream_to_twitch, stream_to_kick,"}
2026-05-12 22:43:20 [ERROR] [Heal] Error during restream heal check:
